<?xml version="1.0" encoding="UTF-8" ?>
<testsuite failures="0" time="0.139" errors="0" skipped="0" tests="11" name="com.intel.bluetooth.obex.HeaderTest">
  <properties>
[...]
</properties>
  <testcase time="0.115" classname="com.intel.bluetooth.obex.HeaderTest" name="testHeaderByteArrayReadWrite"/>
  <testcase time="0" classname="com.intel.bluetooth.obex.HeaderTest" name="testHeaderIntReadWrite"/>
  <testcase time="0.003" classname="com.intel.bluetooth.obex.HeaderTest" name="testHeaderStringReadWrite"/>
  <testcase time="0.004" classname="com.intel.bluetooth.obex.HeaderTest" name="testHeaderCalendarReadWrite"/>
  <testcase time="0.004" classname="com.intel.bluetooth.obex.HeaderTest" name="testHeaderCalendarESTReadWrite"/>
  <testcase time="0.001" classname="com.intel.bluetooth.obex.HeaderTest" name="testHeaderCalendarESTDaylightReadWrite"/>
  <testcase time="0.001" classname="com.intel.bluetooth.obex.HeaderTest" name="testHeaderCalendarPSTReadWrite"/>
  <testcase time="0" classname="com.intel.bluetooth.obex.HeaderTest" name="testHeaderCalendarPSTDaylightReadWrite"/>
  <testcase time="0" classname="com.intel.bluetooth.obex.HeaderTest" name="testHeaderAllReadWrite"/>
  <testcase time="0.001" classname="com.intel.bluetooth.obex.HeaderTest" name="testHeaderWriteLength"/>
  <testcase time="0" classname="com.intel.bluetooth.obex.HeaderTest" name="testHeaderByteReadWrite"/>
</testsuite>